<?xml version="1.0" encoding="UTF-8"?>
<testng-results skipped="0" failed="0" ignored="0" total="1" passed="1">
  <reporter-output>
  </reporter-output>
  <suite name="Suite" duration-ms="25629" started-at="2019-08-25T05:37:17Z" finished-at="2019-08-25T05:37:43Z">
    <groups>
    </groups>
    <test name="test chrome" duration-ms="25629" started-at="2019-08-25T05:37:17Z" finished-at="2019-08-25T05:37:43Z">
      <class name="TestCases.testcase">
        <test-method status="PASS" signature="startUp()[pri:0, instance:TestCases.testcase@2d554825]" name="startUp" is-config="true" duration-ms="14939" started-at="2019-08-25T05:37:17Z" finished-at="2019-08-25T05:37:32Z">
          <reporter-output>
          </reporter-output>
        </test-method> <!-- startUp -->
        <test-method status="PASS" signature="donationBNITrf()[pri:0, instance:TestCases.testcase@2d554825]" name="donationBNITrf" duration-ms="9918" started-at="2019-08-25T05:37:32Z" finished-at="2019-08-25T05:37:42Z">
          <reporter-output>
          </reporter-output>
        </test-method> <!-- donationBNITrf -->
        <test-method status="PASS" signature="quit()[pri:0, instance:TestCases.testcase@2d554825]" name="quit" is-config="true" duration-ms="724" started-at="2019-08-25T05:37:42Z" finished-at="2019-08-25T05:37:43Z">
          <reporter-output>
          </reporter-output>
        </test-method> <!-- quit -->
      </class> <!-- TestCases.testcase -->
    </test> <!-- test chrome -->
  </suite> <!-- Suite -->
</testng-results>
