<?xml version="1.0" encoding="UTF-8"?>
<testng-results skipped="0" failed="0" ignored="0" total="1" passed="1">
  <reporter-output>
  </reporter-output>
  <suite name="Suite" duration-ms="32365" started-at="2019-08-25T07:02:05Z" finished-at="2019-08-25T07:02:37Z">
    <groups>
    </groups>
    <test name="test chrome" duration-ms="32365" started-at="2019-08-25T07:02:05Z" finished-at="2019-08-25T07:02:37Z">
      <class name="TestCases.testcase">
        <test-method status="PASS" signature="startUp()[pri:0, instance:TestCases.testcase@2d554825]" name="startUp" is-config="true" duration-ms="20208" started-at="2019-08-25T07:02:05Z" finished-at="2019-08-25T07:02:25Z">
          <reporter-output>
          </reporter-output>
        </test-method> <!-- startUp -->
        <test-method status="PASS" signature="donationBNISTrf()[pri:0, instance:TestCases.testcase@2d554825]" name="donationBNISTrf" duration-ms="11379" started-at="2019-08-25T07:02:25Z" finished-at="2019-08-25T07:02:36Z">
          <reporter-output>
          </reporter-output>
        </test-method> <!-- donationBNISTrf -->
        <test-method status="PASS" signature="quit()[pri:0, instance:TestCases.testcase@2d554825]" name="quit" is-config="true" duration-ms="760" started-at="2019-08-25T07:02:36Z" finished-at="2019-08-25T07:02:37Z">
          <reporter-output>
          </reporter-output>
        </test-method> <!-- quit -->
      </class> <!-- TestCases.testcase -->
    </test> <!-- test chrome -->
  </suite> <!-- Suite -->
</testng-results>
